[INFO ] 2020-06-15 10:05:12.853 [main] Baseclass - Extet report setup is execute...
[INFO ] 2020-06-15 10:05:13.349 [main] Baseclass - extent report setup is done
[INFO ] 2020-06-15 10:05:13.380 [TestNG-tests-1] Baseclass - Chrome browser is gonna launch.
[INFO ] 2020-06-15 10:05:51.963 [TestNG-tests-1] Baseclass - TestCases is pass.
[INFO ] 2020-06-15 10:06:03.875 [TestNG-tests-1] Baseclass - TestCases is pass.
[INFO ] 2020-06-15 10:06:37.245 [TestNG-tests-1] Baseclass - TestCases is pass.
[INFO ] 2020-06-15 10:06:44.777 [TestNG-tests-1] Baseclass - TestCases is pass.
[INFO ] 2020-06-15 10:07:10.215 [TestNG-tests-1] Baseclass - TestCases is pass.
[INFO ] 2020-06-15 10:09:55.626 [main] Baseclass - Extet report setup is execute...
[INFO ] 2020-06-15 10:09:56.092 [main] Baseclass - extent report setup is done
[INFO ] 2020-06-15 10:09:56.126 [TestNG-tests-1] Baseclass - Chrome browser is gonna launch.
[INFO ] 2020-06-15 10:10:23.758 [TestNG-tests-1] Baseclass - TestCases is pass.
[INFO ] 2020-06-15 10:10:35.335 [TestNG-tests-1] Baseclass - TestCases is pass.
[INFO ] 2020-06-15 10:10:57.995 [TestNG-tests-1] Baseclass - TestCases is pass.
[INFO ] 2020-06-15 10:11:07.059 [TestNG-tests-1] Baseclass - TestCases is pass.
[INFO ] 2020-06-15 10:11:29.064 [TestNG-tests-1] Baseclass - TestCases is pass.
[INFO ] 2020-06-15 10:11:45.156 [TestNG-tests-1] Baseclass - TestCases is pass.
[INFO ] 2020-06-15 10:11:48.373 [TestNG-tests-1] Baseclass - TestCases is pass.
[INFO ] 2020-06-15 10:12:36.574 [TestNG-tests-1] Baseclass - TestCases is pass.
[INFO ] 2020-06-15 10:13:03.996 [TestNG-tests-1] Baseclass - TestCases is pass.
[INFO ] 2020-06-15 10:13:15.370 [TestNG-tests-1] Baseclass - TestCases is pass.
[INFO ] 2020-06-15 10:13:35.351 [TestNG-tests-1] Baseclass - TestCases is pass.
[INFO ] 2020-06-15 10:14:08.461 [TestNG-tests-1] Baseclass - TestCases is pass.
[INFO ] 2020-06-15 10:14:30.248 [TestNG-tests-1] Baseclass - TestCases is pass.
[INFO ] 2020-06-15 10:14:46.557 [TestNG-tests-1] Baseclass - TestCases is pass.
[INFO ] 2020-06-15 10:14:50.997 [TestNG-tests-1] Baseclass - TestCases is pass.
[INFO ] 2020-06-15 10:15:07.848 [TestNG-tests-1] Baseclass - TestCases is pass.
[INFO ] 2020-06-15 10:16:12.909 [TestNG-tests-1] Baseclass - TestCases is fail.
[INFO ] 2020-06-15 10:16:24.752 [TestNG-tests-1] Baseclass - TestCases is pass.
[INFO ] 2020-06-15 10:16:34.540 [TestNG-tests-1] Baseclass - TestCases is pass.
[INFO ] 2020-06-15 10:17:35.483 [TestNG-tests-1] Baseclass - TestCases is fail.
[INFO ] 2020-06-15 10:17:37.007 [TestNG-tests-1] Baseclass - Browser is closed
[INFO ] 2020-06-15 10:17:37.221 [main] Baseclass - Extent report flush is done
[INFO ] 2020-06-15 10:18:34.325 [main] Baseclass - Extet report setup is execute...
[INFO ] 2020-06-15 10:18:34.757 [main] Baseclass - extent report setup is done
[INFO ] 2020-06-15 10:18:34.779 [TestNG-tests-1] Baseclass - Chrome browser is gonna launch.
[INFO ] 2020-06-15 10:19:00.737 [TestNG-tests-1] Baseclass - TestCases is pass.
[INFO ] 2020-06-15 10:19:12.573 [TestNG-tests-1] Baseclass - TestCases is pass.
[INFO ] 2020-06-15 10:20:14.239 [TestNG-tests-1] Baseclass - TestCases is fail.
[INFO ] 2020-06-15 10:20:22.491 [TestNG-tests-1] Baseclass - TestCases is pass.
[INFO ] 2020-06-15 10:20:40.472 [main] Baseclass - Extet report setup is execute...
[INFO ] 2020-06-15 10:20:40.915 [main] Baseclass - extent report setup is done
[INFO ] 2020-06-15 10:20:40.945 [TestNG-tests-1] Baseclass - Chrome browser is gonna launch.
[INFO ] 2020-06-15 10:21:07.136 [TestNG-tests-1] Baseclass - TestCases is pass.
[INFO ] 2020-06-15 10:21:18.965 [TestNG-tests-1] Baseclass - TestCases is pass.
[INFO ] 2020-06-15 10:21:39.292 [TestNG-tests-1] Baseclass - TestCases is pass.
[INFO ] 2020-06-15 10:21:46.973 [TestNG-tests-1] Baseclass - TestCases is pass.
[INFO ] 2020-06-15 10:22:05.130 [TestNG-tests-1] Baseclass - TestCases is pass.
[INFO ] 2020-06-15 10:22:19.497 [TestNG-tests-1] Baseclass - TestCases is pass.
[INFO ] 2020-06-15 10:22:23.447 [TestNG-tests-1] Baseclass - TestCases is pass.
[INFO ] 2020-06-15 10:22:36.212 [TestNG-tests-1] Baseclass - TestCases is pass.
[INFO ] 2020-06-15 10:22:54.509 [TestNG-tests-1] Baseclass - TestCases is pass.
[INFO ] 2020-06-15 10:23:08.152 [TestNG-tests-1] Baseclass - TestCases is pass.
[INFO ] 2020-06-15 10:23:23.229 [TestNG-tests-1] Baseclass - TestCases is pass.
[INFO ] 2020-06-15 10:23:39.773 [TestNG-tests-1] Baseclass - TestCases is pass.
[INFO ] 2020-06-15 10:23:55.677 [TestNG-tests-1] Baseclass - TestCases is pass.
[INFO ] 2020-06-15 10:24:11.084 [TestNG-tests-1] Baseclass - TestCases is pass.
[INFO ] 2020-06-15 10:24:15.371 [TestNG-tests-1] Baseclass - TestCases is pass.
[INFO ] 2020-06-15 10:24:30.304 [TestNG-tests-1] Baseclass - TestCases is pass.
[INFO ] 2020-06-15 10:25:42.457 [TestNG-tests-1] Baseclass - TestCases is fail.
[INFO ] 2020-06-15 10:25:53.000 [TestNG-tests-1] Baseclass - TestCases is pass.
[INFO ] 2020-06-15 10:26:02.859 [TestNG-tests-1] Baseclass - TestCases is pass.
[INFO ] 2020-06-15 10:26:44.255 [TestNG-tests-1] Baseclass - TestCases is pass.
[INFO ] 2020-06-15 10:26:44.257 [TestNG-tests-1] Baseclass - Browser is closed
[INFO ] 2020-06-15 10:26:44.474 [main] Baseclass - Extent report flush is done
[INFO ] 2020-06-15 10:31:18.354 [main] Baseclass - Extet report setup is execute...
[INFO ] 2020-06-15 10:31:18.819 [main] Baseclass - extent report setup is done
[INFO ] 2020-06-15 10:31:18.851 [TestNG-tests-1] Baseclass - Chrome browser is gonna launch.
[INFO ] 2020-06-15 10:31:43.611 [TestNG-tests-1] Baseclass - TestCases is pass.
[INFO ] 2020-06-15 10:31:55.403 [TestNG-tests-1] Baseclass - TestCases is pass.
[INFO ] 2020-06-15 10:32:22.708 [TestNG-tests-1] Baseclass - TestCases is pass.
[INFO ] 2020-06-15 10:32:30.139 [TestNG-tests-1] Baseclass - TestCases is pass.
[INFO ] 2020-06-15 10:32:34.185 [TestNG-tests-1] Baseclass - TestCases is fail.
[INFO ] 2020-06-15 10:32:36.538 [TestNG-tests-1] Baseclass - TestCases is fail.
[INFO ] 2020-06-15 10:32:40.084 [TestNG-tests-1] Baseclass - TestCases is pass.
[INFO ] 2020-06-15 10:32:58.008 [TestNG-tests-1] Baseclass - TestCases is pass.
[INFO ] 2020-06-15 10:33:13.245 [TestNG-tests-1] Baseclass - TestCases is pass.
[INFO ] 2020-06-15 10:33:24.517 [TestNG-tests-1] Baseclass - TestCases is pass.
[INFO ] 2020-06-15 10:33:39.971 [TestNG-tests-1] Baseclass - TestCases is pass.
[INFO ] 2020-06-15 10:33:55.555 [TestNG-tests-1] Baseclass - TestCases is pass.
[INFO ] 2020-06-15 10:34:14.840 [TestNG-tests-1] Baseclass - TestCases is pass.
[INFO ] 2020-06-15 10:34:33.429 [TestNG-tests-1] Baseclass - TestCases is pass.
[INFO ] 2020-06-15 10:34:36.975 [TestNG-tests-1] Baseclass - TestCases is pass.
[INFO ] 2020-06-15 10:34:52.261 [TestNG-tests-1] Baseclass - TestCases is pass.
[INFO ] 2020-06-15 10:36:12.129 [TestNG-tests-1] Baseclass - TestCases is fail.
[INFO ] 2020-06-15 10:36:22.883 [TestNG-tests-1] Baseclass - TestCases is pass.
[INFO ] 2020-06-15 10:36:32.482 [TestNG-tests-1] Baseclass - TestCases is pass.
[INFO ] 2020-06-15 10:37:19.121 [TestNG-tests-1] Baseclass - TestCases is fail.
[INFO ] 2020-06-15 10:37:19.570 [TestNG-tests-1] Baseclass - Browser is closed
[INFO ] 2020-06-15 10:37:19.956 [main] Baseclass - Extent report flush is done
[INFO ] 2020-06-15 10:43:07.056 [main] Baseclass - Extet report setup is execute...
[INFO ] 2020-06-15 10:43:07.488 [main] Baseclass - extent report setup is done
[INFO ] 2020-06-15 10:43:07.519 [TestNG-tests-1] Baseclass - Chrome browser is gonna launch.
[INFO ] 2020-06-15 10:43:31.749 [TestNG-tests-1] Baseclass - TestCases is pass.
[INFO ] 2020-06-15 10:43:43.600 [TestNG-tests-1] Baseclass - TestCases is pass.
[INFO ] 2020-06-15 10:44:04.716 [TestNG-tests-1] Baseclass - TestCases is pass.
[INFO ] 2020-06-15 10:44:13.302 [TestNG-tests-1] Baseclass - TestCases is pass.
[INFO ] 2020-06-15 10:44:31.277 [TestNG-tests-1] Baseclass - TestCases is pass.
[INFO ] 2020-06-15 10:44:46.199 [TestNG-tests-1] Baseclass - TestCases is pass.
[INFO ] 2020-06-15 10:44:49.978 [TestNG-tests-1] Baseclass - TestCases is pass.
[INFO ] 2020-06-15 10:45:04.376 [TestNG-tests-1] Baseclass - TestCases is pass.
[INFO ] 2020-06-15 10:45:20.150 [TestNG-tests-1] Baseclass - TestCases is pass.
[INFO ] 2020-06-15 10:45:31.856 [TestNG-tests-1] Baseclass - TestCases is pass.
[INFO ] 2020-06-15 10:45:48.776 [TestNG-tests-1] Baseclass - TestCases is pass.
[INFO ] 2020-06-15 10:46:06.620 [TestNG-tests-1] Baseclass - TestCases is pass.
[INFO ] 2020-06-15 10:46:27.419 [TestNG-tests-1] Baseclass - TestCases is pass.
[INFO ] 2020-06-15 10:46:44.581 [TestNG-tests-1] Baseclass - TestCases is pass.
[INFO ] 2020-06-15 10:46:48.461 [TestNG-tests-1] Baseclass - TestCases is pass.
[INFO ] 2020-06-15 10:47:06.439 [TestNG-tests-1] Baseclass - TestCases is pass.
[INFO ] 2020-06-15 10:48:25.691 [TestNG-tests-1] Baseclass - TestCases is fail.
[INFO ] 2020-06-15 10:48:36.137 [TestNG-tests-1] Baseclass - TestCases is pass.
[INFO ] 2020-06-15 10:48:45.951 [TestNG-tests-1] Baseclass - TestCases is pass.
[INFO ] 2020-06-15 10:49:44.066 [TestNG-tests-1] Baseclass - TestCases is pass.
[INFO ] 2020-06-15 10:49:44.069 [TestNG-tests-1] Baseclass - Browser is closed
[INFO ] 2020-06-15 10:49:44.149 [main] Baseclass - Extent report flush is done
[INFO ] 2020-06-15 11:03:09.771 [main] Baseclass - Extet report setup is execute...
[INFO ] 2020-06-15 11:03:10.244 [main] Baseclass - extent report setup is done
[INFO ] 2020-06-15 11:03:10.274 [TestNG-tests-1] Baseclass - Chrome browser is gonna launch.
[INFO ] 2020-06-15 11:03:46.215 [TestNG-tests-1] Baseclass - TestCases is pass.
[INFO ] 2020-06-15 11:05:05.405 [TestNG-tests-1] Baseclass - TestCases is fail.
[INFO ] 2020-06-15 11:05:16.133 [TestNG-tests-1] Baseclass - TestCases is pass.
[INFO ] 2020-06-15 11:06:46.940 [main] Baseclass - Extet report setup is execute...
[INFO ] 2020-06-15 11:06:47.399 [main] Baseclass - extent report setup is done
[INFO ] 2020-06-15 11:06:47.428 [TestNG-tests-1] Baseclass - Chrome browser is gonna launch.
[INFO ] 2020-06-15 11:07:46.812 [TestNG-tests-1] Baseclass - TestCases is pass.
[INFO ] 2020-06-15 11:09:01.302 [TestNG-tests-1] Baseclass - TestCases is fail.
[INFO ] 2020-06-15 11:09:11.938 [TestNG-tests-1] Baseclass - TestCases is pass.
[INFO ] 2020-06-15 11:09:21.987 [TestNG-tests-1] Baseclass - TestCases is fail.
[INFO ] 2020-06-15 11:09:28.879 [TestNG-tests-1] Baseclass - TestCases is fail.
[INFO ] 2020-06-15 11:09:28.920 [TestNG-tests-1] Baseclass - Browser is closed
[INFO ] 2020-06-15 11:09:29.681 [main] Baseclass - Extent report flush is done
[INFO ] 2020-06-15 11:16:04.864 [main] Baseclass - Extet report setup is execute...
[INFO ] 2020-06-15 11:16:05.401 [main] Baseclass - extent report setup is done
[INFO ] 2020-06-15 11:16:05.434 [TestNG-tests-1] Baseclass - Chrome browser is gonna launch.
[INFO ] 2020-06-15 11:16:29.369 [TestNG-tests-1] Baseclass - TestCases is pass.
[INFO ] 2020-06-15 11:17:42.028 [TestNG-tests-1] Baseclass - TestCases is fail.
[INFO ] 2020-06-15 15:49:04.782 [main] Baseclass - Extet report setup is execute...
[INFO ] 2020-06-15 15:49:05.606 [main] Baseclass - extent report setup is done
[INFO ] 2020-06-15 15:49:05.641 [TestNG-tests-1] Baseclass - Chrome browser is gonna launch.
[INFO ] 2020-06-15 15:49:57.756 [TestNG-tests-1] Baseclass - TestCases is pass.
[INFO ] 2020-06-15 15:50:01.415 [TestNG-tests-1] Baseclass - TestCases is pass.
[INFO ] 2020-06-15 15:50:17.627 [TestNG-tests-1] Baseclass - TestCases is pass.
[INFO ] 2020-06-15 15:50:52.197 [TestNG-tests-1] Baseclass - TestCases is pass.
[INFO ] 2020-06-15 15:51:01.821 [TestNG-tests-1] Baseclass - TestCases is pass.
[INFO ] 2020-06-15 15:51:21.420 [TestNG-tests-1] Baseclass - TestCases is pass.
[INFO ] 2020-06-15 15:51:58.641 [TestNG-tests-1] Baseclass - TestCases is pass.
[INFO ] 2020-06-15 15:52:02.836 [TestNG-tests-1] Baseclass - TestCases is pass.
[INFO ] 2020-06-15 15:52:20.067 [TestNG-tests-1] Baseclass - TestCases is pass.
[INFO ] 2020-06-15 15:52:46.318 [TestNG-tests-1] Baseclass - TestCases is pass.
[INFO ] 2020-06-15 15:52:56.821 [TestNG-tests-1] Baseclass - TestCases is pass.
[INFO ] 2020-06-15 15:53:14.622 [TestNG-tests-1] Baseclass - TestCases is pass.
[INFO ] 2020-06-15 15:53:35.805 [TestNG-tests-1] Baseclass - TestCases is pass.
[INFO ] 2020-06-15 15:53:56.250 [TestNG-tests-1] Baseclass - TestCases is pass.
[INFO ] 2020-06-15 15:54:24.179 [TestNG-tests-1] Baseclass - TestCases is pass.
[INFO ] 2020-06-15 15:54:26.933 [TestNG-tests-1] Baseclass - TestCases is pass.
[INFO ] 2020-06-15 15:54:52.373 [TestNG-tests-1] Baseclass - TestCases is pass.
[INFO ] 2020-06-15 15:55:10.442 [TestNG-tests-1] Baseclass - TestCases is pass.
[INFO ] 2020-06-15 15:55:20.204 [TestNG-tests-1] Baseclass - TestCases is pass.
[INFO ] 2020-06-15 15:56:30.320 [TestNG-tests-1] Baseclass - TestCases is fail.
[INFO ] 2020-06-15 15:56:31.050 [TestNG-tests-1] Baseclass - Browser is closed
[INFO ] 2020-06-15 15:56:31.334 [main] Baseclass - Extent report flush is done
[INFO ] 2020-06-15 16:18:17.775 [main] Baseclass - Extet report setup is execute...
[INFO ] 2020-06-15 16:18:18.467 [main] Baseclass - extent report setup is done
[INFO ] 2020-06-15 16:18:18.511 [TestNG-tests-1] Baseclass - Chrome browser is gonna launch.
[INFO ] 2020-06-15 16:18:47.807 [TestNG-tests-1] Baseclass - TestCases is pass.
[INFO ] 2020-06-15 16:18:47.814 [TestNG-tests-1] Baseclass - Browser is closed
[INFO ] 2020-06-15 16:18:48.066 [main] Baseclass - Extent report flush is done
