[INFO ] 2020-06-22 10:17:45.973 [main] Baseclass - Extet report setup is execute...
[INFO ] 2020-06-22 10:17:46.580 [main] Baseclass - extent report setup is done
[INFO ] 2020-06-22 10:17:46.614 [TestNG-tests-1] Baseclass - Chrome browser is gonna launch.
[INFO ] 2020-06-22 10:18:29.206 [TestNG-tests-1] Baseclass - TestCases is pass.
[INFO ] 2020-06-22 10:18:41.058 [TestNG-tests-1] Baseclass - TestCases is pass.
[INFO ] 2020-06-22 10:18:41.063 [TestNG-tests-1] Baseclass - Browser is closed
[INFO ] 2020-06-22 10:18:41.320 [main] Baseclass - Extent report flush is done
[INFO ] 2020-06-22 10:20:24.440 [main] Baseclass - Extet report setup is execute...
[INFO ] 2020-06-22 10:20:24.977 [main] Baseclass - extent report setup is done
[INFO ] 2020-06-22 10:20:25.009 [TestNG-tests-1] Baseclass - Chrome browser is gonna launch.
[INFO ] 2020-06-22 10:21:57.854 [TestNG-tests-1] Baseclass - TestCases is pass.
[INFO ] 2020-06-22 10:22:22.279 [TestNG-tests-1] Baseclass - TestCases is pass.
[INFO ] 2020-06-22 10:22:22.284 [TestNG-tests-1] Baseclass - Browser is closed
[INFO ] 2020-06-22 10:22:22.452 [main] Baseclass - Extent report flush is done
[INFO ] 2020-06-22 10:23:50.082 [main] Baseclass - Extet report setup is execute...
[INFO ] 2020-06-22 10:23:50.537 [main] Baseclass - extent report setup is done
[INFO ] 2020-06-22 10:23:50.576 [TestNG-tests-1] Baseclass - Chrome browser is gonna launch.
[INFO ] 2020-06-22 10:24:53.828 [TestNG-tests-1] Baseclass - TestCases is pass.
[INFO ] 2020-06-22 10:25:13.693 [TestNG-tests-1] Baseclass - TestCases is pass.
[INFO ] 2020-06-22 10:25:13.698 [TestNG-tests-1] Baseclass - Browser is closed
[INFO ] 2020-06-22 10:25:13.750 [main] Baseclass - Extent report flush is done
[INFO ] 2020-06-22 10:27:12.757 [main] Baseclass - Extet report setup is execute...
[INFO ] 2020-06-22 10:27:13.181 [main] Baseclass - extent report setup is done
[INFO ] 2020-06-22 10:27:13.212 [TestNG-tests-1] Baseclass - Chrome browser is gonna launch.
[INFO ] 2020-06-22 10:27:41.248 [TestNG-tests-1] Baseclass - TestCases is pass.
[INFO ] 2020-06-22 10:27:47.746 [TestNG-tests-1] Baseclass - TestCases is pass.
[INFO ] 2020-06-22 10:27:47.752 [TestNG-tests-1] Baseclass - Browser is closed
[INFO ] 2020-06-22 10:27:47.798 [main] Baseclass - Extent report flush is done
[INFO ] 2020-06-22 10:29:32.411 [main] Baseclass - Extet report setup is execute...
[INFO ] 2020-06-22 10:29:32.838 [main] Baseclass - extent report setup is done
[INFO ] 2020-06-22 10:29:32.869 [TestNG-tests-1] Baseclass - Chrome browser is gonna launch.
[INFO ] 2020-06-22 10:30:09.038 [TestNG-tests-1] Baseclass - TestCases is pass.
[INFO ] 2020-06-22 10:30:17.514 [TestNG-tests-1] Baseclass - TestCases is pass.
[INFO ] 2020-06-22 10:30:17.514 [TestNG-tests-1] Baseclass - Browser is closed
[INFO ] 2020-06-22 10:30:17.573 [main] Baseclass - Extent report flush is done
[INFO ] 2020-06-22 10:31:36.591 [main] Baseclass - Extet report setup is execute...
[INFO ] 2020-06-22 10:31:37.086 [main] Baseclass - extent report setup is done
[INFO ] 2020-06-22 10:31:37.117 [TestNG-tests-1] Baseclass - Chrome browser is gonna launch.
[INFO ] 2020-06-22 10:32:46.625 [TestNG-tests-1] Baseclass - TestCases is pass.
[INFO ] 2020-06-22 10:32:49.857 [TestNG-tests-1] Baseclass - TestCases is pass.
[INFO ] 2020-06-22 10:32:49.866 [TestNG-tests-1] Baseclass - Browser is closed
[INFO ] 2020-06-22 10:32:49.965 [main] Baseclass - Extent report flush is done
[INFO ] 2020-06-22 10:34:03.385 [main] Baseclass - Extet report setup is execute...
[INFO ] 2020-06-22 10:34:03.830 [main] Baseclass - extent report setup is done
[INFO ] 2020-06-22 10:34:03.861 [TestNG-tests-1] Baseclass - Chrome browser is gonna launch.
[INFO ] 2020-06-22 10:35:10.892 [TestNG-tests-1] Baseclass - TestCases is pass.
[INFO ] 2020-06-22 10:35:14.023 [TestNG-tests-1] Baseclass - TestCases is pass.
[INFO ] 2020-06-22 10:35:14.034 [TestNG-tests-1] Baseclass - Browser is closed
[INFO ] 2020-06-22 10:35:14.147 [main] Baseclass - Extent report flush is done
[INFO ] 2020-06-22 10:45:03.164 [main] Baseclass - Extet report setup is execute...
[INFO ] 2020-06-22 10:45:03.729 [main] Baseclass - extent report setup is done
[INFO ] 2020-06-22 10:45:03.770 [TestNG-tests-1] Baseclass - Chrome browser is gonna launch.
[INFO ] 2020-06-22 10:45:25.809 [TestNG-tests-1] Baseclass - TestCases is pass.
[INFO ] 2020-06-22 10:45:32.340 [TestNG-tests-1] Baseclass - TestCases is pass.
[INFO ] 2020-06-22 10:45:32.344 [TestNG-tests-1] Baseclass - Browser is closed
[INFO ] 2020-06-22 10:45:32.389 [main] Baseclass - Extent report flush is done
[INFO ] 2020-06-22 10:47:08.627 [main] Baseclass - Extet report setup is execute...
[INFO ] 2020-06-22 10:47:09.082 [main] Baseclass - extent report setup is done
[INFO ] 2020-06-22 10:47:09.111 [TestNG-tests-1] Baseclass - Chrome browser is gonna launch.
[INFO ] 2020-06-22 10:47:39.316 [TestNG-tests-1] Baseclass - TestCases is pass.
[INFO ] 2020-06-22 10:47:47.077 [TestNG-tests-1] Baseclass - TestCases is pass.
[INFO ] 2020-06-22 10:47:47.080 [TestNG-tests-1] Baseclass - Browser is closed
[INFO ] 2020-06-22 10:47:47.514 [main] Baseclass - Extent report flush is done
[INFO ] 2020-06-22 10:50:10.557 [main] Baseclass - Extet report setup is execute...
[INFO ] 2020-06-22 10:50:11.032 [main] Baseclass - extent report setup is done
[INFO ] 2020-06-22 10:50:11.063 [TestNG-tests-1] Baseclass - Chrome browser is gonna launch.
[INFO ] 2020-06-22 10:50:34.282 [TestNG-tests-1] Baseclass - TestCases is pass.
[INFO ] 2020-06-22 10:50:40.869 [TestNG-tests-1] Baseclass - TestCases is pass.
[INFO ] 2020-06-22 10:50:40.871 [TestNG-tests-1] Baseclass - Browser is closed
[INFO ] 2020-06-22 10:50:41.710 [main] Baseclass - Extent report flush is done
[INFO ] 2020-06-22 11:05:45.900 [main] Baseclass - Extet report setup is execute...
[INFO ] 2020-06-22 11:05:46.393 [main] Baseclass - extent report setup is done
[INFO ] 2020-06-22 11:05:46.432 [TestNG-tests-1] Baseclass - Chrome browser is gonna launch.
[INFO ] 2020-06-22 11:06:30.285 [TestNG-tests-1] Baseclass - TestCases is pass.
[INFO ] 2020-06-22 11:06:41.968 [TestNG-tests-1] Baseclass - TestCases is pass.
[INFO ] 2020-06-22 11:06:41.971 [TestNG-tests-1] Baseclass - Browser is closed
[INFO ] 2020-06-22 11:06:42.509 [main] Baseclass - Extent report flush is done
