[INFO ] 2020-06-05 11:59:56.809 [main] Baseclass - Extet report setup is execute...
[INFO ] 2020-06-05 11:59:57.363 [main] Baseclass - extent report setup is done
[INFO ] 2020-06-05 11:59:57.392 [TestNG-tests-1] Baseclass - Chrome browser is gonna launch.
[INFO ] 2020-06-05 12:00:26.362 [TestNG-tests-1] Baseclass - TestCases is pass.
[INFO ] 2020-06-05 12:00:32.080 [TestNG-tests-1] Baseclass - TestCases is pass.
[INFO ] 2020-06-05 12:00:49.621 [TestNG-tests-1] Baseclass - TestCases is fail.
[INFO ] 2020-06-05 12:00:50.698 [TestNG-tests-1] Baseclass - Browser is closed
[INFO ] 2020-06-05 12:00:51.836 [main] Baseclass - Extent report flush is done
[INFO ] 2020-06-05 12:22:48.780 [main] Baseclass - Extet report setup is execute...
[INFO ] 2020-06-05 12:22:49.202 [main] Baseclass - extent report setup is done
[INFO ] 2020-06-05 12:22:49.240 [TestNG-tests-1] Baseclass - Chrome browser is gonna launch.
[INFO ] 2020-06-05 12:23:19.681 [TestNG-tests-1] Baseclass - TestCases is pass.
[INFO ] 2020-06-05 12:23:28.740 [TestNG-tests-1] Baseclass - TestCases is pass.
[INFO ] 2020-06-05 12:23:47.881 [TestNG-tests-1] Baseclass - TestCases is pass.
[INFO ] 2020-06-05 12:23:47.884 [TestNG-tests-1] Baseclass - Browser is closed
[INFO ] 2020-06-05 12:23:48.521 [main] Baseclass - Extent report flush is done
[INFO ] 2020-06-05 12:39:49.172 [main] Baseclass - Extet report setup is execute...
[INFO ] 2020-06-05 12:39:49.616 [main] Baseclass - extent report setup is done
[INFO ] 2020-06-05 12:39:49.638 [TestNG-tests-1] Baseclass - Chrome browser is gonna launch.
[INFO ] 2020-06-05 12:40:09.074 [TestNG-tests-1] Baseclass - TestCases is pass.
[INFO ] 2020-06-05 12:40:17.547 [TestNG-tests-1] Baseclass - TestCases is pass.
[INFO ] 2020-06-05 12:40:43.101 [TestNG-tests-1] Baseclass - TestCases is pass.
[INFO ] 2020-06-05 12:40:45.895 [TestNG-tests-1] Baseclass - TestCases is pass.
[INFO ] 2020-06-05 12:40:45.900 [TestNG-tests-1] Baseclass - Browser is closed
[INFO ] 2020-06-05 12:40:46.358 [main] Baseclass - Extent report flush is done
[INFO ] 2020-06-05 12:47:36.073 [main] Baseclass - Extet report setup is execute...
[INFO ] 2020-06-05 12:47:36.674 [main] Baseclass - extent report setup is done
[INFO ] 2020-06-05 12:47:36.706 [TestNG-tests-1] Baseclass - Chrome browser is gonna launch.
[INFO ] 2020-06-05 12:48:07.492 [TestNG-tests-1] Baseclass - TestCases is pass.
[INFO ] 2020-06-05 12:48:14.652 [TestNG-tests-1] Baseclass - TestCases is pass.
[INFO ] 2020-06-05 12:48:46.760 [TestNG-tests-1] Baseclass - TestCases is pass.
[INFO ] 2020-06-05 12:48:54.410 [TestNG-tests-1] Baseclass - TestCases is pass.
[INFO ] 2020-06-05 12:48:54.413 [TestNG-tests-1] Baseclass - Browser is closed
[INFO ] 2020-06-05 12:48:54.777 [main] Baseclass - Extent report flush is done
[INFO ] 2020-06-05 13:53:48.093 [main] Baseclass - Extet report setup is execute...
[INFO ] 2020-06-05 13:53:48.539 [main] Baseclass - extent report setup is done
[INFO ] 2020-06-05 13:53:48.560 [TestNG-tests-1] Baseclass - Chrome browser is gonna launch.
[INFO ] 2020-06-05 13:54:19.389 [TestNG-tests-1] Baseclass - TestCases is pass.
[INFO ] 2020-06-05 13:54:19.401 [TestNG-tests-1] Baseclass - Browser is closed
[INFO ] 2020-06-05 13:54:20.022 [main] Baseclass - Extent report flush is done
[INFO ] 2020-06-05 13:59:46.367 [main] Baseclass - Extet report setup is execute...
[INFO ] 2020-06-05 13:59:46.834 [main] Baseclass - extent report setup is done
[INFO ] 2020-06-05 13:59:46.871 [TestNG-tests-1] Baseclass - Chrome browser is gonna launch.
[INFO ] 2020-06-05 14:00:39.028 [TestNG-tests-1] Baseclass - TestCases is pass.
[INFO ] 2020-06-05 14:00:39.038 [TestNG-tests-1] Baseclass - Browser is closed
[INFO ] 2020-06-05 14:00:39.597 [main] Baseclass - Extent report flush is done
[INFO ] 2020-06-05 14:01:49.609 [main] Baseclass - Extet report setup is execute...
[INFO ] 2020-06-05 14:01:50.073 [main] Baseclass - extent report setup is done
[INFO ] 2020-06-05 14:01:50.104 [TestNG-tests-1] Baseclass - Chrome browser is gonna launch.
[INFO ] 2020-06-05 14:02:25.302 [TestNG-tests-1] Baseclass - TestCases is pass.
[INFO ] 2020-06-05 14:02:25.318 [TestNG-tests-1] Baseclass - Browser is closed
[INFO ] 2020-06-05 14:02:25.729 [main] Baseclass - Extent report flush is done
[INFO ] 2020-06-05 14:04:02.682 [main] Baseclass - Extet report setup is execute...
[INFO ] 2020-06-05 14:04:03.175 [main] Baseclass - extent report setup is done
[INFO ] 2020-06-05 14:04:03.202 [TestNG-tests-1] Baseclass - Chrome browser is gonna launch.
[INFO ] 2020-06-05 14:04:38.780 [TestNG-tests-1] Baseclass - TestCases is pass.
[INFO ] 2020-06-05 14:04:38.792 [TestNG-tests-1] Baseclass - Browser is closed
[INFO ] 2020-06-05 14:04:39.296 [main] Baseclass - Extent report flush is done
[INFO ] 2020-06-05 14:06:52.971 [main] Baseclass - Extet report setup is execute...
[INFO ] 2020-06-05 14:06:53.511 [main] Baseclass - extent report setup is done
[INFO ] 2020-06-05 14:06:53.551 [TestNG-tests-1] Baseclass - Chrome browser is gonna launch.
[INFO ] 2020-06-05 14:07:36.425 [TestNG-tests-1] Baseclass - TestCases is pass.
[INFO ] 2020-06-05 14:07:36.436 [TestNG-tests-1] Baseclass - Browser is closed
[INFO ] 2020-06-05 14:07:36.844 [main] Baseclass - Extent report flush is done
[INFO ] 2020-06-05 14:10:53.010 [main] Baseclass - Extet report setup is execute...
[INFO ] 2020-06-05 14:10:53.575 [main] Baseclass - extent report setup is done
[INFO ] 2020-06-05 14:10:53.609 [TestNG-tests-1] Baseclass - Chrome browser is gonna launch.
[INFO ] 2020-06-05 14:11:14.600 [TestNG-tests-1] Baseclass - TestCases is pass.
[INFO ] 2020-06-05 14:11:14.663 [main] Baseclass - Extent report flush is done
[INFO ] 2020-06-05 14:33:46.217 [main] Baseclass - Extet report setup is execute...
[INFO ] 2020-06-05 14:33:46.811 [main] Baseclass - extent report setup is done
[INFO ] 2020-06-05 14:33:46.844 [TestNG-tests-1] Baseclass - Chrome browser is gonna launch.
[INFO ] 2020-06-05 14:34:42.912 [TestNG-tests-1] Baseclass - TestCases is fail.
[INFO ] 2020-06-05 14:34:44.643 [main] Baseclass - Extent report flush is done
[INFO ] 2020-06-05 14:41:39.870 [main] Baseclass - Extet report setup is execute...
[INFO ] 2020-06-05 14:41:40.414 [main] Baseclass - extent report setup is done
[INFO ] 2020-06-05 14:41:40.450 [TestNG-tests-1] Baseclass - Chrome browser is gonna launch.
[INFO ] 2020-06-05 14:42:09.991 [TestNG-tests-1] Baseclass - TestCases is fail.
[INFO ] 2020-06-05 14:42:10.727 [main] Baseclass - Extent report flush is done
[INFO ] 2020-06-05 14:47:41.739 [main] Baseclass - Extet report setup is execute...
[INFO ] 2020-06-05 14:47:42.154 [main] Baseclass - extent report setup is done
[INFO ] 2020-06-05 14:47:42.185 [TestNG-tests-1] Baseclass - Chrome browser is gonna launch.
[INFO ] 2020-06-05 14:48:09.470 [TestNG-tests-1] Baseclass - TestCases is fail.
[INFO ] 2020-06-05 14:48:10.067 [main] Baseclass - Extent report flush is done
[INFO ] 2020-06-05 14:50:05.813 [main] Baseclass - Extet report setup is execute...
[INFO ] 2020-06-05 14:50:06.290 [main] Baseclass - extent report setup is done
[INFO ] 2020-06-05 14:50:06.322 [TestNG-tests-1] Baseclass - Chrome browser is gonna launch.
[INFO ] 2020-06-05 14:50:38.396 [TestNG-tests-1] Baseclass - TestCases is fail.
[INFO ] 2020-06-05 14:50:39.112 [main] Baseclass - Extent report flush is done
[INFO ] 2020-06-05 14:53:23.085 [main] Baseclass - Extet report setup is execute...
[INFO ] 2020-06-05 14:53:23.526 [main] Baseclass - extent report setup is done
[INFO ] 2020-06-05 14:53:23.555 [TestNG-tests-1] Baseclass - Chrome browser is gonna launch.
[INFO ] 2020-06-05 14:54:12.836 [TestNG-tests-1] Baseclass - TestCases is fail.
[INFO ] 2020-06-05 14:54:14.134 [main] Baseclass - Extent report flush is done
[INFO ] 2020-06-05 14:57:57.046 [main] Baseclass - Extet report setup is execute...
[INFO ] 2020-06-05 14:57:57.495 [main] Baseclass - extent report setup is done
[INFO ] 2020-06-05 14:57:57.524 [TestNG-tests-1] Baseclass - Chrome browser is gonna launch.
[INFO ] 2020-06-05 14:59:10.384 [TestNG-tests-1] Baseclass - TestCases is fail.
[INFO ] 2020-06-05 14:59:11.114 [main] Baseclass - Extent report flush is done
