[INFO ] 2020-06-09 12:28:33.508 [main] Baseclass - Extet report setup is execute...
[INFO ] 2020-06-09 12:28:34.511 [main] Baseclass - extent report setup is done
[INFO ] 2020-06-09 12:28:34.559 [TestNG-tests-1] Baseclass - Chrome browser is gonna launch.
[INFO ] 2020-06-09 12:29:10.385 [TestNG-tests-1] Baseclass - TestCases is pass.
[INFO ] 2020-06-09 12:29:17.200 [TestNG-tests-1] Baseclass - TestCases is pass.
[INFO ] 2020-06-09 12:29:32.022 [TestNG-tests-1] Baseclass - TestCases is pass.
[INFO ] 2020-06-09 12:29:32.502 [main] Baseclass - Extent report flush is done
[INFO ] 2020-06-09 12:54:46.328 [main] Baseclass - Extet report setup is execute...
[INFO ] 2020-06-09 12:54:46.973 [main] Baseclass - extent report setup is done
[INFO ] 2020-06-09 12:54:47.011 [TestNG-tests-1] Baseclass - Chrome browser is gonna launch.
[INFO ] 2020-06-09 12:55:14.841 [TestNG-tests-1] Baseclass - TestCases is pass.
[INFO ] 2020-06-09 12:55:22.722 [TestNG-tests-1] Baseclass - TestCases is pass.
[INFO ] 2020-06-09 12:55:36.420 [TestNG-tests-1] Baseclass - TestCases is pass.
[INFO ] 2020-06-09 12:55:42.513 [TestNG-tests-1] Baseclass - TestCases is fail.
[INFO ] 2020-06-09 12:55:43.555 [main] Baseclass - Extent report flush is done
[INFO ] 2020-06-09 12:58:17.018 [main] Baseclass - Extet report setup is execute...
[INFO ] 2020-06-09 12:58:17.855 [main] Baseclass - extent report setup is done
[INFO ] 2020-06-09 12:58:17.900 [TestNG-tests-1] Baseclass - Chrome browser is gonna launch.
[INFO ] 2020-06-09 12:58:45.505 [TestNG-tests-1] Baseclass - TestCases is pass.
[INFO ] 2020-06-09 12:58:49.649 [TestNG-tests-1] Baseclass - TestCases is pass.
[INFO ] 2020-06-09 12:59:13.696 [TestNG-tests-1] Baseclass - TestCases is pass.
[INFO ] 2020-06-09 12:59:19.804 [TestNG-tests-1] Baseclass - TestCases is fail.
[INFO ] 2020-06-09 12:59:20.985 [main] Baseclass - Extent report flush is done
[INFO ] 2020-06-09 13:00:57.208 [main] Baseclass - Extet report setup is execute...
[INFO ] 2020-06-09 13:00:58.094 [main] Baseclass - extent report setup is done
[INFO ] 2020-06-09 13:00:58.153 [TestNG-tests-1] Baseclass - Chrome browser is gonna launch.
[INFO ] 2020-06-09 13:01:45.679 [TestNG-tests-1] Baseclass - TestCases is pass.
[INFO ] 2020-06-09 13:01:59.419 [TestNG-tests-1] Baseclass - TestCases is pass.
[INFO ] 2020-06-09 13:03:03.599 [TestNG-tests-1] Baseclass - TestCases is fail.
[INFO ] 2020-06-09 13:03:05.005 [main] Baseclass - Extent report flush is done
[INFO ] 2020-06-09 13:13:00.587 [main] Baseclass - Extet report setup is execute...
[INFO ] 2020-06-09 13:13:01.439 [main] Baseclass - extent report setup is done
[INFO ] 2020-06-09 13:13:01.494 [TestNG-tests-1] Baseclass - Chrome browser is gonna launch.
[INFO ] 2020-06-09 13:13:51.047 [TestNG-tests-1] Baseclass - TestCases is pass.
[INFO ] 2020-06-09 13:14:04.486 [TestNG-tests-1] Baseclass - TestCases is pass.
[INFO ] 2020-06-09 13:14:16.375 [TestNG-tests-1] Baseclass - TestCases is fail.
[INFO ] 2020-06-09 13:14:17.127 [main] Baseclass - Extent report flush is done
[INFO ] 2020-06-09 13:22:17.317 [main] Baseclass - Extet report setup is execute...
[INFO ] 2020-06-09 13:22:17.307 [main] Baseclass - Extet report setup is execute...
[INFO ] 2020-06-09 13:22:18.499 [main] Baseclass - extent report setup is done
[INFO ] 2020-06-09 13:22:18.555 [main] Baseclass - extent report setup is done
[INFO ] 2020-06-09 13:22:18.600 [TestNG-tests-1] Baseclass - Chrome browser is gonna launch.
[INFO ] 2020-06-09 13:22:18.607 [TestNG-tests-1] Baseclass - Chrome browser is gonna launch.
[INFO ] 2020-06-09 13:23:02.076 [TestNG-tests-1] Baseclass - TestCases is pass.
[INFO ] 2020-06-09 13:23:02.675 [TestNG-tests-1] Baseclass - TestCases is pass.
[INFO ] 2020-06-09 13:23:18.263 [TestNG-tests-1] Baseclass - TestCases is pass.
[INFO ] 2020-06-09 13:23:18.350 [TestNG-tests-1] Baseclass - TestCases is pass.
[INFO ] 2020-06-09 13:23:35.891 [TestNG-tests-1] Baseclass - TestCases is fail.
[INFO ] 2020-06-09 13:23:35.934 [TestNG-tests-1] Baseclass - TestCases is fail.
[INFO ] 2020-06-09 13:23:37.721 [main] Baseclass - Extent report flush is done
[INFO ] 2020-06-09 13:23:37.723 [main] Baseclass - Extent report flush is done
[INFO ] 2020-06-09 13:29:18.609 [main] Baseclass - Extet report setup is execute...
[INFO ] 2020-06-09 13:29:19.340 [main] Baseclass - extent report setup is done
[INFO ] 2020-06-09 13:29:19.379 [TestNG-tests-1] Baseclass - Chrome browser is gonna launch.
[INFO ] 2020-06-09 13:29:45.731 [TestNG-tests-1] Baseclass - TestCases is pass.
[INFO ] 2020-06-09 13:29:57.691 [TestNG-tests-1] Baseclass - TestCases is pass.
[INFO ] 2020-06-09 13:30:12.133 [TestNG-tests-1] Baseclass - TestCases is pass.
[INFO ] 2020-06-09 13:30:12.549 [main] Baseclass - Extent report flush is done
[INFO ] 2020-06-09 13:35:26.638 [main] Baseclass - Extet report setup is execute...
[INFO ] 2020-06-09 13:35:28.213 [main] Baseclass - extent report setup is done
[INFO ] 2020-06-09 13:35:28.264 [TestNG-tests-1] Baseclass - Chrome browser is gonna launch.
[INFO ] 2020-06-09 13:35:56.139 [TestNG-tests-1] Baseclass - TestCases is pass.
[INFO ] 2020-06-09 13:36:08.169 [TestNG-tests-1] Baseclass - TestCases is pass.
[INFO ] 2020-06-09 13:36:42.477 [TestNG-tests-1] Baseclass - TestCases is fail.
[INFO ] 2020-06-09 13:36:55.370 [main] Baseclass - Extent report flush is done
[INFO ] 2020-06-09 13:47:24.929 [main] Baseclass - Extet report setup is execute...
[INFO ] 2020-06-09 13:47:25.385 [main] Baseclass - extent report setup is done
[INFO ] 2020-06-09 13:47:25.416 [TestNG-tests-1] Baseclass - Chrome browser is gonna launch.
[INFO ] 2020-06-09 13:47:48.655 [TestNG-tests-1] Baseclass - TestCases is pass.
[INFO ] 2020-06-09 13:48:00.713 [TestNG-tests-1] Baseclass - TestCases is pass.
[INFO ] 2020-06-09 13:48:14.197 [TestNG-tests-1] Baseclass - TestCases is pass.
[INFO ] 2020-06-09 13:48:14.334 [main] Baseclass - Extent report flush is done
[INFO ] 2020-06-09 13:49:54.789 [main] Baseclass - Extet report setup is execute...
[INFO ] 2020-06-09 13:49:55.255 [main] Baseclass - extent report setup is done
[INFO ] 2020-06-09 13:49:55.287 [TestNG-tests-1] Baseclass - Chrome browser is gonna launch.
[INFO ] 2020-06-09 13:50:17.857 [TestNG-tests-1] Baseclass - TestCases is pass.
[INFO ] 2020-06-09 13:50:29.942 [TestNG-tests-1] Baseclass - TestCases is pass.
[INFO ] 2020-06-09 13:50:47.074 [TestNG-tests-1] Baseclass - TestCases is pass.
[INFO ] 2020-06-09 13:50:47.197 [main] Baseclass - Extent report flush is done
[INFO ] 2020-06-09 13:53:36.883 [main] Baseclass - Extet report setup is execute...
[INFO ] 2020-06-09 13:53:37.389 [main] Baseclass - extent report setup is done
[INFO ] 2020-06-09 13:53:37.420 [TestNG-tests-1] Baseclass - Chrome browser is gonna launch.
[INFO ] 2020-06-09 13:54:04.269 [TestNG-tests-1] Baseclass - TestCases is pass.
[INFO ] 2020-06-09 13:54:16.566 [TestNG-tests-1] Baseclass - TestCases is pass.
[INFO ] 2020-06-09 13:54:37.945 [TestNG-tests-1] Baseclass - TestCases is fail.
[INFO ] 2020-06-09 13:54:39.865 [main] Baseclass - Extent report flush is done
[INFO ] 2020-06-09 14:00:31.338 [main] Baseclass - Extet report setup is execute...
[INFO ] 2020-06-09 14:00:31.871 [main] Baseclass - extent report setup is done
[INFO ] 2020-06-09 14:00:31.910 [TestNG-tests-1] Baseclass - Chrome browser is gonna launch.
[INFO ] 2020-06-09 14:01:09.047 [TestNG-tests-1] Baseclass - TestCases is pass.
[INFO ] 2020-06-09 14:01:21.963 [TestNG-tests-1] Baseclass - TestCases is pass.
[INFO ] 2020-06-09 14:01:46.902 [TestNG-tests-1] Baseclass - TestCases is pass.
[INFO ] 2020-06-09 14:01:46.955 [main] Baseclass - Extent report flush is done
[INFO ] 2020-06-09 14:07:31.296 [main] Baseclass - Extet report setup is execute...
[INFO ] 2020-06-09 14:07:31.975 [main] Baseclass - extent report setup is done
[INFO ] 2020-06-09 14:07:32.007 [TestNG-tests-1] Baseclass - Chrome browser is gonna launch.
[INFO ] 2020-06-09 14:07:59.906 [TestNG-tests-1] Baseclass - TestCases is pass.
[INFO ] 2020-06-09 14:08:12.599 [TestNG-tests-1] Baseclass - TestCases is pass.
[INFO ] 2020-06-09 14:08:34.398 [TestNG-tests-1] Baseclass - TestCases is pass.
[INFO ] 2020-06-09 14:08:34.580 [main] Baseclass - Extent report flush is done
[INFO ] 2020-06-09 21:44:53.055 [main] Baseclass - Extet report setup is execute...
[INFO ] 2020-06-09 21:44:53.698 [main] Baseclass - extent report setup is done
[INFO ] 2020-06-09 21:44:53.739 [TestNG-tests-1] Baseclass - Chrome browser is gonna launch.
[INFO ] 2020-06-09 21:45:33.317 [TestNG-tests-1] Baseclass - TestCases is pass.
[INFO ] 2020-06-09 21:45:46.018 [TestNG-tests-1] Baseclass - TestCases is pass.
[INFO ] 2020-06-09 21:46:08.571 [TestNG-tests-1] Baseclass - TestCases is pass.
[INFO ] 2020-06-09 21:46:08.906 [main] Baseclass - Extent report flush is done
[INFO ] 2020-06-09 21:47:40.943 [main] Baseclass - Extet report setup is execute...
[INFO ] 2020-06-09 21:47:41.431 [main] Baseclass - extent report setup is done
[INFO ] 2020-06-09 21:47:41.462 [TestNG-tests-1] Baseclass - Chrome browser is gonna launch.
[INFO ] 2020-06-09 21:48:20.026 [TestNG-tests-1] Baseclass - TestCases is pass.
[INFO ] 2020-06-09 21:48:28.794 [TestNG-tests-1] Baseclass - TestCases is pass.
[INFO ] 2020-06-09 21:48:41.106 [TestNG-tests-1] Baseclass - TestCases is pass.
[INFO ] 2020-06-09 21:49:10.937 [TestNG-tests-1] Baseclass - TestCases is pass.
[INFO ] 2020-06-09 21:49:10.991 [main] Baseclass - Extent report flush is done
