[INFO ] 2020-06-14 17:32:34.322 [main] Baseclass - Extet report setup is execute...
[INFO ] 2020-06-14 17:32:34.940 [main] Baseclass - extent report setup is done
[INFO ] 2020-06-14 17:32:34.971 [TestNG-tests-1] Baseclass - Chrome browser is gonna launch.
[INFO ] 2020-06-14 17:32:53.761 [TestNG-tests-1] Baseclass - TestCases is pass.
[INFO ] 2020-06-14 17:33:00.230 [TestNG-tests-1] Baseclass - TestCases is pass.
[INFO ] 2020-06-14 17:33:11.820 [TestNG-tests-1] Baseclass - TestCases is pass.
[INFO ] 2020-06-14 17:33:29.135 [TestNG-tests-1] Baseclass - TestCases is pass.
[INFO ] 2020-06-14 17:33:34.784 [TestNG-tests-1] Baseclass - TestCases is pass.
[INFO ] 2020-06-14 17:33:46.784 [TestNG-tests-1] Baseclass - TestCases is fail.
[INFO ] 2020-06-14 17:33:47.421 [TestNG-tests-1] Baseclass - Browser is closed
[INFO ] 2020-06-14 17:33:47.813 [main] Baseclass - Extent report flush is done
[INFO ] 2020-06-14 17:36:21.267 [main] Baseclass - Extet report setup is execute...
[INFO ] 2020-06-14 17:36:21.740 [main] Baseclass - extent report setup is done
[INFO ] 2020-06-14 17:36:21.770 [TestNG-tests-1] Baseclass - Chrome browser is gonna launch.
[INFO ] 2020-06-14 17:36:40.846 [TestNG-tests-1] Baseclass - TestCases is pass.
[INFO ] 2020-06-14 17:36:45.965 [TestNG-tests-1] Baseclass - TestCases is pass.
[INFO ] 2020-06-14 17:36:57.645 [TestNG-tests-1] Baseclass - TestCases is pass.
[INFO ] 2020-06-14 17:37:05.921 [TestNG-tests-1] Baseclass - TestCases is fail.
[INFO ] 2020-06-14 17:37:12.117 [TestNG-tests-1] Baseclass - TestCases is pass.
[INFO ] 2020-06-14 17:38:18.075 [main] Baseclass - Extet report setup is execute...
[INFO ] 2020-06-14 17:38:18.549 [main] Baseclass - extent report setup is done
[INFO ] 2020-06-14 17:38:18.581 [TestNG-tests-1] Baseclass - Chrome browser is gonna launch.
[INFO ] 2020-06-14 17:38:36.242 [TestNG-tests-1] Baseclass - TestCases is pass.
[INFO ] 2020-06-14 17:38:41.597 [TestNG-tests-1] Baseclass - TestCases is pass.
[INFO ] 2020-06-14 17:38:54.427 [TestNG-tests-1] Baseclass - TestCases is pass.
[INFO ] 2020-06-14 17:39:11.477 [TestNG-tests-1] Baseclass - TestCases is pass.
[INFO ] 2020-06-14 17:39:17.498 [TestNG-tests-1] Baseclass - TestCases is pass.
[INFO ] 2020-06-14 17:39:31.186 [TestNG-tests-1] Baseclass - TestCases is pass.
[INFO ] 2020-06-14 17:39:46.795 [TestNG-tests-1] Baseclass - TestCases is pass.
[INFO ] 2020-06-14 17:39:50.591 [TestNG-tests-1] Baseclass - TestCases is pass.
[INFO ] 2020-06-14 17:40:01.881 [TestNG-tests-1] Baseclass - TestCases is pass.
[INFO ] 2020-06-14 17:40:17.711 [TestNG-tests-1] Baseclass - TestCases is pass.
[INFO ] 2020-06-14 17:40:25.550 [TestNG-tests-1] Baseclass - TestCases is pass.
[INFO ] 2020-06-14 17:40:39.727 [TestNG-tests-1] Baseclass - TestCases is pass.
[INFO ] 2020-06-14 17:40:52.977 [TestNG-tests-1] Baseclass - TestCases is pass.
[INFO ] 2020-06-14 17:41:08.038 [TestNG-tests-1] Baseclass - TestCases is pass.
[INFO ] 2020-06-14 17:41:22.716 [TestNG-tests-1] Baseclass - TestCases is pass.
[INFO ] 2020-06-14 17:41:26.422 [TestNG-tests-1] Baseclass - TestCases is pass.
[INFO ] 2020-06-14 17:41:39.230 [TestNG-tests-1] Baseclass - TestCases is pass.
[INFO ] 2020-06-14 17:42:30.424 [TestNG-tests-1] Baseclass - TestCases is fail.
[INFO ] 2020-06-14 17:42:38.722 [TestNG-tests-1] Baseclass - TestCases is pass.
[INFO ] 2020-06-14 17:42:44.517 [TestNG-tests-1] Baseclass - TestCases is pass.
[INFO ] 2020-06-14 17:43:44.515 [TestNG-tests-1] Baseclass - TestCases is fail.
[INFO ] 2020-06-14 17:43:45.035 [TestNG-tests-1] Baseclass - Browser is closed
[INFO ] 2020-06-14 17:43:45.233 [main] Baseclass - Extent report flush is done
[INFO ] 2020-06-14 17:46:49.900 [main] Baseclass - Extet report setup is execute...
[INFO ] 2020-06-14 17:46:50.453 [main] Baseclass - extent report setup is done
[INFO ] 2020-06-14 17:46:50.486 [TestNG-tests-1] Baseclass - Chrome browser is gonna launch.
[INFO ] 2020-06-14 17:47:07.722 [TestNG-tests-1] Baseclass - TestCases is pass.
[INFO ] 2020-06-14 17:47:13.357 [TestNG-tests-1] Baseclass - TestCases is pass.
[INFO ] 2020-06-14 17:47:25.249 [TestNG-tests-1] Baseclass - TestCases is pass.
[INFO ] 2020-06-14 17:47:33.888 [TestNG-tests-1] Baseclass - TestCases is fail.
[INFO ] 2020-06-14 17:47:39.432 [TestNG-tests-1] Baseclass - TestCases is pass.
[INFO ] 2020-06-14 17:50:03.087 [main] Baseclass - Extet report setup is execute...
[INFO ] 2020-06-14 17:50:03.557 [main] Baseclass - extent report setup is done
[INFO ] 2020-06-14 17:50:03.589 [TestNG-tests-1] Baseclass - Chrome browser is gonna launch.
[INFO ] 2020-06-14 17:50:20.141 [TestNG-tests-1] Baseclass - TestCases is pass.
[INFO ] 2020-06-14 17:50:25.186 [TestNG-tests-1] Baseclass - TestCases is pass.
[INFO ] 2020-06-14 17:50:36.788 [TestNG-tests-1] Baseclass - TestCases is pass.
[INFO ] 2020-06-14 17:50:53.658 [TestNG-tests-1] Baseclass - TestCases is pass.
[INFO ] 2020-06-14 17:50:59.099 [TestNG-tests-1] Baseclass - TestCases is pass.
[INFO ] 2020-06-14 17:50:59.621 [TestNG-tests-1] Baseclass - TestCases is fail.
[INFO ] 2020-06-14 17:51:10.588 [TestNG-tests-1] Baseclass - TestCases is pass.
[INFO ] 2020-06-14 17:51:20.122 [TestNG-tests-1] Baseclass - TestCases is pass.
[INFO ] 2020-06-14 17:51:35.619 [TestNG-tests-1] Baseclass - TestCases is pass.
[INFO ] 2020-06-14 17:52:08.682 [TestNG-tests-1] Baseclass - TestCases is pass.
[INFO ] 2020-06-14 17:52:27.985 [TestNG-tests-1] Baseclass - TestCases is pass.
[INFO ] 2020-06-14 17:53:07.666 [TestNG-tests-1] Baseclass - TestCases is pass.
[INFO ] 2020-06-14 17:53:27.906 [TestNG-tests-1] Baseclass - TestCases is pass.
[INFO ] 2020-06-14 17:53:45.417 [TestNG-tests-1] Baseclass - TestCases is pass.
[INFO ] 2020-06-14 17:54:05.243 [TestNG-tests-1] Baseclass - TestCases is pass.
[INFO ] 2020-06-14 17:54:13.573 [TestNG-tests-1] Baseclass - TestCases is pass.
[INFO ] 2020-06-14 17:54:28.812 [TestNG-tests-1] Baseclass - TestCases is pass.
[INFO ] 2020-06-14 17:56:59.269 [TestNG-tests-1] Baseclass - TestCases is fail.
[INFO ] 2020-06-14 17:58:09.254 [TestNG-tests-1] Baseclass - TestCases is pass.
[INFO ] 2020-06-14 17:58:53.168 [TestNG-tests-1] Baseclass - TestCases is fail.
[INFO ] 2020-06-14 17:59:05.946 [TestNG-tests-1] Baseclass - Browser is closed
[INFO ] 2020-06-14 17:59:07.148 [main] Baseclass - Extent report flush is done
[INFO ] 2020-06-14 18:01:02.997 [main] Baseclass - Extet report setup is execute...
[INFO ] 2020-06-14 18:01:03.854 [main] Baseclass - extent report setup is done
[INFO ] 2020-06-14 18:01:03.897 [TestNG-tests-1] Baseclass - Chrome browser is gonna launch.
[INFO ] 2020-06-14 18:01:46.643 [TestNG-tests-1] Baseclass - TestCases is pass.
[INFO ] 2020-06-14 18:02:04.008 [TestNG-tests-1] Baseclass - TestCases is fail.
[INFO ] 2020-06-14 18:02:05.224 [TestNG-tests-1] Baseclass - Browser is closed
[INFO ] 2020-06-14 18:02:46.975 [main] Baseclass - Extet report setup is execute...
[INFO ] 2020-06-14 18:02:47.847 [main] Baseclass - extent report setup is done
[INFO ] 2020-06-14 18:02:47.903 [TestNG-tests-1] Baseclass - Chrome browser is gonna launch.
[INFO ] 2020-06-14 18:03:30.213 [TestNG-tests-1] Baseclass - TestCases is pass.
[INFO ] 2020-06-14 18:04:11.378 [TestNG-tests-1] Baseclass - TestCases is fail.
[INFO ] 2020-06-14 18:04:12.111 [TestNG-tests-1] Baseclass - Browser is closed
[INFO ] 2020-06-14 18:04:12.647 [main] Baseclass - Extent report flush is done
[INFO ] 2020-06-14 18:07:39.902 [main] Baseclass - Extet report setup is execute...
[INFO ] 2020-06-14 18:07:42.098 [main] Baseclass - extent report setup is done
[INFO ] 2020-06-14 18:07:42.245 [TestNG-tests-1] Baseclass - Chrome browser is gonna launch.
[INFO ] 2020-06-14 18:08:37.814 [TestNG-tests-1] Baseclass - TestCases is pass.
[INFO ] 2020-06-14 18:09:19.066 [TestNG-tests-1] Baseclass - TestCases is pass.
[INFO ] 2020-06-14 18:10:38.972 [TestNG-tests-1] Baseclass - TestCases is fail.
[INFO ] 2020-06-14 18:11:15.603 [TestNG-tests-1] Baseclass - TestCases is fail.
[INFO ] 2020-06-14 18:17:07.221 [main] Baseclass - Extet report setup is execute...
[INFO ] 2020-06-14 18:17:08.322 [main] Baseclass - extent report setup is done
[INFO ] 2020-06-14 18:17:08.386 [TestNG-tests-1] Baseclass - Chrome browser is gonna launch.
[INFO ] 2020-06-14 18:17:50.551 [TestNG-tests-1] Baseclass - TestCases is pass.
[INFO ] 2020-06-14 18:17:57.071 [TestNG-tests-1] Baseclass - TestCases is pass.
[INFO ] 2020-06-14 18:18:12.130 [TestNG-tests-1] Baseclass - TestCases is pass.
[INFO ] 2020-06-14 18:18:26.006 [TestNG-tests-1] Baseclass - TestCases is fail.
[INFO ] 2020-06-14 18:18:27.467 [TestNG-tests-1] Baseclass - Browser is closed
[INFO ] 2020-06-14 18:18:27.738 [main] Baseclass - Extent report flush is done
[INFO ] 2020-06-14 18:20:13.899 [main] Baseclass - Extet report setup is execute...
[INFO ] 2020-06-14 18:20:14.766 [main] Baseclass - extent report setup is done
[INFO ] 2020-06-14 18:20:14.836 [TestNG-tests-1] Baseclass - Chrome browser is gonna launch.
[INFO ] 2020-06-14 18:20:50.669 [TestNG-tests-1] Baseclass - TestCases is pass.
[INFO ] 2020-06-14 18:20:58.970 [TestNG-tests-1] Baseclass - TestCases is pass.
[INFO ] 2020-06-14 18:21:13.626 [TestNG-tests-1] Baseclass - TestCases is pass.
[INFO ] 2020-06-14 18:21:38.622 [TestNG-tests-1] Baseclass - TestCases is fail.
[INFO ] 2020-06-14 18:21:38.756 [TestNG-tests-1] Baseclass - Browser is closed
[INFO ] 2020-06-14 18:21:38.943 [main] Baseclass - Extent report flush is done
[INFO ] 2020-06-14 18:28:04.318 [main] Baseclass - Extet report setup is execute...
[INFO ] 2020-06-14 18:28:05.067 [main] Baseclass - extent report setup is done
[INFO ] 2020-06-14 18:28:05.121 [TestNG-tests-1] Baseclass - Chrome browser is gonna launch.
[INFO ] 2020-06-14 18:28:31.165 [TestNG-tests-1] Baseclass - TestCases is pass.
[INFO ] 2020-06-14 18:28:35.344 [TestNG-tests-1] Baseclass - TestCases is pass.
[INFO ] 2020-06-14 18:28:49.879 [TestNG-tests-1] Baseclass - TestCases is pass.
[INFO ] 2020-06-14 18:29:50.554 [TestNG-tests-1] Baseclass - TestCases is fail.
[INFO ] 2020-06-14 18:29:51.477 [TestNG-tests-1] Baseclass - Browser is closed
[INFO ] 2020-06-14 18:29:51.823 [main] Baseclass - Extent report flush is done
[INFO ] 2020-06-14 18:31:45.241 [main] Baseclass - Extet report setup is execute...
[INFO ] 2020-06-14 18:31:45.875 [main] Baseclass - extent report setup is done
[INFO ] 2020-06-14 18:31:45.916 [TestNG-tests-1] Baseclass - Chrome browser is gonna launch.
[INFO ] 2020-06-14 18:32:14.357 [TestNG-tests-1] Baseclass - TestCases is pass.
[INFO ] 2020-06-14 18:32:27.889 [TestNG-tests-1] Baseclass - TestCases is pass.
[INFO ] 2020-06-14 18:32:49.395 [TestNG-tests-1] Baseclass - TestCases is pass.
[INFO ] 2020-06-14 18:32:49.398 [TestNG-tests-1] Baseclass - Browser is closed
[INFO ] 2020-06-14 18:32:49.962 [main] Baseclass - Extent report flush is done
[INFO ] 2020-06-14 19:33:57.117 [main] Baseclass - Extet report setup is execute...
[INFO ] 2020-06-14 19:33:57.732 [main] Baseclass - extent report setup is done
[INFO ] 2020-06-14 19:33:57.781 [TestNG-tests-1] Baseclass - Chrome browser is gonna launch.
[INFO ] 2020-06-14 19:34:23.535 [TestNG-tests-1] Baseclass - TestCases is pass.
[INFO ] 2020-06-14 19:34:35.709 [TestNG-tests-1] Baseclass - TestCases is pass.
[INFO ] 2020-06-14 19:35:09.220 [TestNG-tests-1] Baseclass - TestCases is pass.
[INFO ] 2020-06-14 19:35:09.226 [TestNG-tests-1] Baseclass - Browser is closed
[INFO ] 2020-06-14 19:35:09.400 [main] Baseclass - Extent report flush is done
[INFO ] 2020-06-14 19:37:45.725 [main] Baseclass - Extet report setup is execute...
[INFO ] 2020-06-14 19:37:46.295 [main] Baseclass - extent report setup is done
[INFO ] 2020-06-14 19:37:46.333 [TestNG-tests-1] Baseclass - Chrome browser is gonna launch.
[INFO ] 2020-06-14 19:38:08.508 [TestNG-tests-1] Baseclass - TestCases is pass.
[INFO ] 2020-06-14 19:38:20.947 [TestNG-tests-1] Baseclass - TestCases is pass.
[INFO ] 2020-06-14 19:38:43.843 [TestNG-tests-1] Baseclass - TestCases is pass.
[INFO ] 2020-06-14 19:38:51.187 [TestNG-tests-1] Baseclass - TestCases is pass.
[INFO ] 2020-06-14 19:39:47.809 [TestNG-tests-1] Baseclass - TestCases is fail.
[INFO ] 2020-06-14 19:39:49.719 [TestNG-tests-1] Baseclass - TestCases is fail.
[INFO ] 2020-06-14 19:39:52.909 [TestNG-tests-1] Baseclass - TestCases is pass.
[INFO ] 2020-06-14 19:40:43.261 [TestNG-tests-1] Baseclass - TestCases is fail.
[INFO ] 2020-06-14 19:42:37.748 [main] Baseclass - Extet report setup is execute...
[INFO ] 2020-06-14 19:42:38.438 [main] Baseclass - extent report setup is done
[INFO ] 2020-06-14 19:42:38.479 [TestNG-tests-1] Baseclass - Chrome browser is gonna launch.
[INFO ] 2020-06-14 19:43:04.999 [TestNG-tests-1] Baseclass - TestCases is pass.
[INFO ] 2020-06-14 19:43:18.319 [TestNG-tests-1] Baseclass - TestCases is pass.
[INFO ] 2020-06-14 19:43:41.302 [TestNG-tests-1] Baseclass - TestCases is pass.
[INFO ] 2020-06-14 19:43:45.000 [TestNG-tests-1] Baseclass - TestCases is fail.
[INFO ] 2020-06-14 19:43:47.700 [TestNG-tests-1] Baseclass - TestCases is fail.
[INFO ] 2020-06-14 19:43:49.579 [TestNG-tests-1] Baseclass - TestCases is fail.
[INFO ] 2020-06-14 19:43:53.107 [TestNG-tests-1] Baseclass - TestCases is pass.
[INFO ] 2020-06-14 19:44:12.357 [TestNG-tests-1] Baseclass - TestCases is pass.
[INFO ] 2020-06-14 19:44:59.340 [main] Baseclass - Extet report setup is execute...
[INFO ] 2020-06-14 19:45:00.079 [main] Baseclass - extent report setup is done
[INFO ] 2020-06-14 19:45:00.170 [TestNG-tests-1] Baseclass - Chrome browser is gonna launch.
[INFO ] 2020-06-14 19:45:21.996 [TestNG-tests-1] Baseclass - TestCases is pass.
[INFO ] 2020-06-14 19:46:29.633 [main] Baseclass - Extet report setup is execute...
[INFO ] 2020-06-14 19:46:30.371 [main] Baseclass - extent report setup is done
[INFO ] 2020-06-14 19:46:30.412 [TestNG-tests-1] Baseclass - Chrome browser is gonna launch.
[INFO ] 2020-06-14 19:48:46.143 [main] Baseclass - Extet report setup is execute...
[INFO ] 2020-06-14 19:48:46.685 [main] Baseclass - extent report setup is done
[INFO ] 2020-06-14 19:48:46.720 [TestNG-tests-1] Baseclass - Chrome browser is gonna launch.
[INFO ] 2020-06-14 19:50:26.705 [main] Baseclass - Extet report setup is execute...
[INFO ] 2020-06-14 19:50:27.296 [main] Baseclass - extent report setup is done
[INFO ] 2020-06-14 19:50:27.347 [TestNG-tests-1] Baseclass - Chrome browser is gonna launch.
[INFO ] 2020-06-14 19:51:11.486 [TestNG-tests-1] Baseclass - TestCases is pass.
[INFO ] 2020-06-14 19:51:25.965 [TestNG-tests-1] Baseclass - TestCases is pass.
[INFO ] 2020-06-14 19:52:01.944 [TestNG-tests-1] Baseclass - TestCases is pass.
[INFO ] 2020-06-14 19:52:10.393 [TestNG-tests-1] Baseclass - TestCases is pass.
[INFO ] 2020-06-14 19:52:13.930 [TestNG-tests-1] Baseclass - TestCases is fail.
[INFO ] 2020-06-14 19:52:16.045 [TestNG-tests-1] Baseclass - TestCases is fail.
[INFO ] 2020-06-14 19:52:19.650 [TestNG-tests-1] Baseclass - TestCases is pass.
[INFO ] 2020-06-14 19:52:54.583 [TestNG-tests-1] Baseclass - TestCases is pass.
[INFO ] 2020-06-14 19:53:24.347 [TestNG-tests-1] Baseclass - TestCases is pass.
[INFO ] 2020-06-14 19:53:35.214 [TestNG-tests-1] Baseclass - TestCases is pass.
[INFO ] 2020-06-14 19:53:59.412 [TestNG-tests-1] Baseclass - TestCases is pass.
[INFO ] 2020-06-14 19:54:31.013 [TestNG-tests-1] Baseclass - TestCases is pass.
[INFO ] 2020-06-14 19:54:47.769 [TestNG-tests-1] Baseclass - TestCases is pass.
[INFO ] 2020-06-14 19:55:05.588 [TestNG-tests-1] Baseclass - TestCases is pass.
[INFO ] 2020-06-14 19:55:12.610 [TestNG-tests-1] Baseclass - TestCases is pass.
[INFO ] 2020-06-14 19:55:32.816 [TestNG-tests-1] Baseclass - TestCases is pass.
[INFO ] 2020-06-14 19:56:40.570 [TestNG-tests-1] Baseclass - TestCases is fail.
[INFO ] 2020-06-14 19:56:50.396 [TestNG-tests-1] Baseclass - TestCases is pass.
[INFO ] 2020-06-14 19:56:57.717 [TestNG-tests-1] Baseclass - TestCases is pass.
[INFO ] 2020-06-14 19:57:57.628 [TestNG-tests-1] Baseclass - TestCases is fail.
[INFO ] 2020-06-14 19:57:58.648 [TestNG-tests-1] Baseclass - Browser is closed
[INFO ] 2020-06-14 19:57:58.960 [main] Baseclass - Extent report flush is done
[INFO ] 2020-06-14 20:06:28.039 [main] Baseclass - Extet report setup is execute...
[INFO ] 2020-06-14 20:06:28.564 [main] Baseclass - extent report setup is done
[INFO ] 2020-06-14 20:06:28.599 [TestNG-tests-1] Baseclass - Chrome browser is gonna launch.
[INFO ] 2020-06-14 20:06:55.812 [TestNG-tests-1] Baseclass - TestCases is pass.
[INFO ] 2020-06-14 20:07:07.997 [TestNG-tests-1] Baseclass - TestCases is pass.
[INFO ] 2020-06-14 20:08:08.969 [TestNG-tests-1] Baseclass - TestCases is fail.
[INFO ] 2020-06-14 20:08:16.272 [TestNG-tests-1] Baseclass - TestCases is pass.
[INFO ] 2020-06-14 20:08:57.780 [TestNG-tests-1] Baseclass - TestCases is pass.
[INFO ] 2020-06-14 20:09:24.761 [TestNG-tests-1] Baseclass - TestCases is pass.
[INFO ] 2020-06-14 20:09:29.394 [TestNG-tests-1] Baseclass - TestCases is pass.
[INFO ] 2020-06-14 20:09:41.828 [TestNG-tests-1] Baseclass - TestCases is pass.
[INFO ] 2020-06-14 20:10:04.741 [TestNG-tests-1] Baseclass - TestCases is pass.
[INFO ] 2020-06-14 20:10:16.153 [TestNG-tests-1] Baseclass - TestCases is pass.
[INFO ] 2020-06-14 20:10:33.648 [TestNG-tests-1] Baseclass - TestCases is pass.
[INFO ] 2020-06-14 20:10:54.057 [TestNG-tests-1] Baseclass - TestCases is pass.
[INFO ] 2020-06-14 20:11:16.699 [TestNG-tests-1] Baseclass - TestCases is pass.
[INFO ] 2020-06-14 20:12:04.237 [TestNG-tests-1] Baseclass - TestCases is pass.
[INFO ] 2020-06-14 20:12:07.223 [TestNG-tests-1] Baseclass - TestCases is pass.
[INFO ] 2020-06-14 20:12:46.127 [TestNG-tests-1] Baseclass - TestCases is pass.
[INFO ] 2020-06-14 20:13:36.567 [TestNG-tests-1] Baseclass - TestCases is fail.
[INFO ] 2020-06-14 20:13:47.169 [TestNG-tests-1] Baseclass - TestCases is pass.
[INFO ] 2020-06-14 20:13:56.124 [TestNG-tests-1] Baseclass - TestCases is pass.
[INFO ] 2020-06-14 20:14:56.268 [TestNG-tests-1] Baseclass - TestCases is fail.
[INFO ] 2020-06-14 20:14:56.806 [TestNG-tests-1] Baseclass - Browser is closed
[INFO ] 2020-06-14 20:14:57.041 [main] Baseclass - Extent report flush is done
[INFO ] 2020-06-14 20:23:36.934 [main] Baseclass - Extet report setup is execute...
[INFO ] 2020-06-14 20:23:37.358 [main] Baseclass - extent report setup is done
[INFO ] 2020-06-14 20:23:37.389 [TestNG-tests-1] Baseclass - Chrome browser is gonna launch.
[INFO ] 2020-06-14 20:24:00.183 [TestNG-tests-1] Baseclass - TestCases is pass.
[INFO ] 2020-06-14 20:24:12.229 [TestNG-tests-1] Baseclass - TestCases is pass.
[INFO ] 2020-06-14 20:24:32.536 [TestNG-tests-1] Baseclass - TestCases is fail.
[INFO ] 2020-06-14 20:24:32.597 [TestNG-tests-1] Baseclass - Browser is closed
[INFO ] 2020-06-14 20:24:32.671 [main] Baseclass - Extent report flush is done
[INFO ] 2020-06-14 20:25:42.281 [main] Baseclass - Extet report setup is execute...
[INFO ] 2020-06-14 20:25:42.761 [main] Baseclass - extent report setup is done
[INFO ] 2020-06-14 20:25:42.794 [TestNG-tests-1] Baseclass - Chrome browser is gonna launch.
[INFO ] 2020-06-14 20:26:06.256 [TestNG-tests-1] Baseclass - TestCases is pass.
[INFO ] 2020-06-14 20:26:18.095 [TestNG-tests-1] Baseclass - TestCases is pass.
[INFO ] 2020-06-14 20:26:41.582 [TestNG-tests-1] Baseclass - TestCases is pass.
[INFO ] 2020-06-14 20:26:41.586 [TestNG-tests-1] Baseclass - Browser is closed
[INFO ] 2020-06-14 20:26:41.683 [main] Baseclass - Extent report flush is done
[INFO ] 2020-06-14 20:28:14.984 [main] Baseclass - Extet report setup is execute...
[INFO ] 2020-06-14 20:28:15.408 [main] Baseclass - extent report setup is done
[INFO ] 2020-06-14 20:28:15.429 [TestNG-tests-1] Baseclass - Chrome browser is gonna launch.
[INFO ] 2020-06-14 20:28:42.664 [TestNG-tests-1] Baseclass - TestCases is pass.
[INFO ] 2020-06-14 20:28:54.505 [TestNG-tests-1] Baseclass - TestCases is pass.
[INFO ] 2020-06-14 20:29:22.156 [TestNG-tests-1] Baseclass - TestCases is pass.
[INFO ] 2020-06-14 20:29:29.210 [TestNG-tests-1] Baseclass - TestCases is pass.
[INFO ] 2020-06-14 20:29:44.537 [TestNG-tests-1] Baseclass - TestCases is pass.
[INFO ] 2020-06-14 20:31:18.280 [main] Baseclass - Extet report setup is execute...
[INFO ] 2020-06-14 20:31:18.813 [main] Baseclass - extent report setup is done
[INFO ] 2020-06-14 20:31:18.846 [TestNG-tests-1] Baseclass - Chrome browser is gonna launch.
[INFO ] 2020-06-14 20:34:32.628 [main] Baseclass - Extet report setup is execute...
[INFO ] 2020-06-14 20:34:33.092 [main] Baseclass - extent report setup is done
[INFO ] 2020-06-14 20:34:33.121 [TestNG-tests-1] Baseclass - Chrome browser is gonna launch.
[INFO ] 2020-06-14 20:35:06.581 [TestNG-tests-1] Baseclass - TestCases is pass.
[INFO ] 2020-06-14 20:35:18.763 [TestNG-tests-1] Baseclass - TestCases is pass.
[INFO ] 2020-06-14 20:36:32.551 [main] Baseclass - Extet report setup is execute...
[INFO ] 2020-06-14 20:36:33.149 [main] Baseclass - extent report setup is done
[INFO ] 2020-06-14 20:36:33.182 [TestNG-tests-1] Baseclass - Chrome browser is gonna launch.
[INFO ] 2020-06-14 20:37:05.004 [TestNG-tests-1] Baseclass - TestCases is pass.
[INFO ] 2020-06-14 20:37:16.937 [TestNG-tests-1] Baseclass - TestCases is pass.
[INFO ] 2020-06-14 20:37:39.456 [TestNG-tests-1] Baseclass - TestCases is pass.
[INFO ] 2020-06-14 20:37:47.058 [TestNG-tests-1] Baseclass - TestCases is pass.
[INFO ] 2020-06-14 20:38:10.515 [TestNG-tests-1] Baseclass - TestCases is pass.
[INFO ] 2020-06-14 20:38:32.676 [TestNG-tests-1] Baseclass - TestCases is pass.
[INFO ] 2020-06-14 20:38:37.559 [TestNG-tests-1] Baseclass - TestCases is pass.
[INFO ] 2020-06-14 20:38:55.537 [TestNG-tests-1] Baseclass - TestCases is pass.
[INFO ] 2020-06-14 20:39:17.141 [TestNG-tests-1] Baseclass - TestCases is pass.
[INFO ] 2020-06-14 20:39:31.286 [TestNG-tests-1] Baseclass - TestCases is pass.
[INFO ] 2020-06-14 20:39:49.163 [TestNG-tests-1] Baseclass - TestCases is pass.
[INFO ] 2020-06-14 20:40:16.406 [TestNG-tests-1] Baseclass - TestCases is pass.
[INFO ] 2020-06-14 20:40:57.331 [TestNG-tests-1] Baseclass - TestCases is pass.
[INFO ] 2020-06-14 20:41:53.068 [TestNG-tests-1] Baseclass - TestCases is pass.
[INFO ] 2020-06-14 20:41:57.440 [TestNG-tests-1] Baseclass - TestCases is pass.
[INFO ] 2020-06-14 20:42:25.010 [TestNG-tests-1] Baseclass - TestCases is pass.
[INFO ] 2020-06-14 20:43:16.330 [TestNG-tests-1] Baseclass - TestCases is fail.
[INFO ] 2020-06-14 20:43:27.786 [TestNG-tests-1] Baseclass - TestCases is pass.
[INFO ] 2020-06-14 20:43:37.548 [TestNG-tests-1] Baseclass - TestCases is pass.
[INFO ] 2020-06-14 20:44:37.761 [TestNG-tests-1] Baseclass - TestCases is fail.
[INFO ] 2020-06-14 20:44:38.258 [TestNG-tests-1] Baseclass - Browser is closed
[INFO ] 2020-06-14 20:44:38.516 [main] Baseclass - Extent report flush is done
