[INFO ] 2020-06-23 22:05:08.724 [main] Baseclass - Extet report setup is execute...
[INFO ] 2020-06-23 22:05:10.082 [main] Baseclass - extent report setup is done
[INFO ] 2020-06-23 22:05:10.117 [TestNG-tests-1] Baseclass - Chrome browser is gonna launch.
[INFO ] 2020-06-23 22:06:05.781 [main] Baseclass - Extet report setup is execute...
[INFO ] 2020-06-23 22:06:06.245 [main] Baseclass - extent report setup is done
[INFO ] 2020-06-23 22:06:06.277 [TestNG-tests-1] Baseclass - Chrome browser is gonna launch.
[INFO ] 2020-06-23 22:06:39.529 [TestNG-tests-1] Baseclass - TestCases is pass.
[INFO ] 2020-06-23 22:06:45.385 [TestNG-tests-1] Baseclass - TestCases is pass.
[INFO ] 2020-06-23 22:06:45.390 [TestNG-tests-1] Baseclass - Browser is closed
[INFO ] 2020-06-23 22:06:45.691 [main] Baseclass - Extent report flush is done
[INFO ] 2020-06-23 22:08:54.457 [main] Baseclass - Extet report setup is execute...
[INFO ] 2020-06-23 22:08:55.066 [main] Baseclass - extent report setup is done
[INFO ] 2020-06-23 22:08:55.113 [TestNG-tests-1] Baseclass - Chrome browser is gonna launch.
[INFO ] 2020-06-23 22:09:17.785 [TestNG-tests-1] Baseclass - TestCases is pass.
[INFO ] 2020-06-23 22:09:17.796 [TestNG-tests-1] Baseclass - Browser is closed
[INFO ] 2020-06-23 22:09:18.336 [main] Baseclass - Extent report flush is done
[INFO ] 2020-06-23 22:12:02.124 [main] Baseclass - Extet report setup is execute...
[INFO ] 2020-06-23 22:12:02.664 [main] Baseclass - extent report setup is done
[INFO ] 2020-06-23 22:12:02.705 [TestNG-tests-1] Baseclass - Chrome browser is gonna launch.
[INFO ] 2020-06-23 22:12:28.470 [TestNG-tests-1] Baseclass - TestCases is pass.
[INFO ] 2020-06-23 22:12:28.487 [TestNG-tests-1] Baseclass - Browser is closed
[INFO ] 2020-06-23 22:12:30.285 [main] Baseclass - Extent report flush is done
[INFO ] 2020-06-23 22:30:33.815 [main] Baseclass - Extet report setup is execute...
[INFO ] 2020-06-23 22:30:34.533 [main] Baseclass - extent report setup is done
[INFO ] 2020-06-23 22:30:34.573 [TestNG-tests-1] Baseclass - Chrome browser is gonna launch.
[INFO ] 2020-06-23 22:31:17.316 [main] Baseclass - Extet report setup is execute...
[INFO ] 2020-06-23 22:31:17.880 [main] Baseclass - extent report setup is done
[INFO ] 2020-06-23 22:31:17.912 [TestNG-tests-1] Baseclass - Chrome browser is gonna launch.
[INFO ] 2020-06-23 22:31:48.166 [TestNG-tests-1] Baseclass - TestCases is pass.
[INFO ] 2020-06-23 22:31:55.982 [TestNG-tests-1] Baseclass - TestCases is fail.
[INFO ] 2020-06-23 22:31:57.286 [TestNG-tests-1] Baseclass - Browser is closed
[INFO ] 2020-06-23 22:31:57.596 [main] Baseclass - Extent report flush is done
[INFO ] 2020-06-23 22:35:34.011 [main] Baseclass - Extet report setup is execute...
[INFO ] 2020-06-23 22:35:34.756 [main] Baseclass - extent report setup is done
[INFO ] 2020-06-23 22:35:34.804 [TestNG-tests-1] Baseclass - Chrome browser is gonna launch.
[INFO ] 2020-06-23 22:36:00.392 [TestNG-tests-1] Baseclass - TestCases is pass.
[INFO ] 2020-06-23 22:36:09.066 [TestNG-tests-1] Baseclass - TestCases is fail.
[INFO ] 2020-06-23 22:36:09.902 [TestNG-tests-1] Baseclass - Browser is closed
[INFO ] 2020-06-23 22:36:10.533 [main] Baseclass - Extent report flush is done
[INFO ] 2020-06-23 22:43:55.253 [main] Baseclass - Extet report setup is execute...
[INFO ] 2020-06-23 22:43:55.760 [main] Baseclass - extent report setup is done
[INFO ] 2020-06-23 22:43:55.793 [TestNG-tests-1] Baseclass - Chrome browser is gonna launch.
[INFO ] 2020-06-23 22:44:23.627 [TestNG-tests-1] Baseclass - TestCases is pass.
[INFO ] 2020-06-23 22:44:35.091 [TestNG-tests-1] Baseclass - TestCases is fail.
[INFO ] 2020-06-23 22:44:35.844 [TestNG-tests-1] Baseclass - Browser is closed
[INFO ] 2020-06-23 22:44:35.923 [main] Baseclass - Extent report flush is done
[INFO ] 2020-06-23 22:51:40.129 [main] Baseclass - Extet report setup is execute...
[INFO ] 2020-06-23 22:51:40.591 [main] Baseclass - extent report setup is done
[INFO ] 2020-06-23 22:51:40.626 [TestNG-tests-1] Baseclass - Chrome browser is gonna launch.
[INFO ] 2020-06-23 22:52:05.426 [TestNG-tests-1] Baseclass - TestCases is pass.
[INFO ] 2020-06-23 22:52:12.595 [TestNG-tests-1] Baseclass - TestCases is fail.
[INFO ] 2020-06-23 22:52:13.302 [TestNG-tests-1] Baseclass - Browser is closed
[INFO ] 2020-06-23 22:52:13.365 [main] Baseclass - Extent report flush is done
[INFO ] 2020-06-23 23:00:52.821 [main] Baseclass - Extet report setup is execute...
[INFO ] 2020-06-23 23:00:53.384 [main] Baseclass - extent report setup is done
[INFO ] 2020-06-23 23:00:53.417 [TestNG-tests-1] Baseclass - Chrome browser is gonna launch.
[INFO ] 2020-06-23 23:01:15.000 [TestNG-tests-1] Baseclass - TestCases is pass.
[INFO ] 2020-06-23 23:01:20.297 [TestNG-tests-1] Baseclass - TestCases is fail.
[INFO ] 2020-06-23 23:01:21.049 [TestNG-tests-1] Baseclass - Browser is closed
[INFO ] 2020-06-23 23:01:21.641 [main] Baseclass - Extent report flush is done
[INFO ] 2020-06-23 23:07:55.855 [main] Baseclass - Extet report setup is execute...
[INFO ] 2020-06-23 23:07:56.453 [main] Baseclass - extent report setup is done
[INFO ] 2020-06-23 23:07:56.487 [TestNG-tests-1] Baseclass - Chrome browser is gonna launch.
[INFO ] 2020-06-23 23:08:14.013 [TestNG-tests-1] Baseclass - TestCases is pass.
[INFO ] 2020-06-23 23:08:19.080 [TestNG-tests-1] Baseclass - TestCases is fail.
[INFO ] 2020-06-23 23:08:19.896 [TestNG-tests-1] Baseclass - Browser is closed
[INFO ] 2020-06-23 23:08:19.964 [main] Baseclass - Extent report flush is done
[INFO ] 2020-06-23 23:24:31.623 [main] Baseclass - Extet report setup is execute...
[INFO ] 2020-06-23 23:24:32.089 [main] Baseclass - extent report setup is done
[INFO ] 2020-06-23 23:24:32.120 [TestNG-tests-1] Baseclass - Chrome browser is gonna launch.
[INFO ] 2020-06-23 23:24:57.915 [TestNG-tests-1] Baseclass - TestCases is pass.
[INFO ] 2020-06-23 23:25:05.230 [TestNG-tests-1] Baseclass - TestCases is fail.
[INFO ] 2020-06-23 23:25:05.979 [TestNG-tests-1] Baseclass - Browser is closed
[INFO ] 2020-06-23 23:25:06.041 [main] Baseclass - Extent report flush is done
